{
  "stats": {
    "suites": 2,
    "tests": 4,
    "passes": 4,
    "pending": 0,
    "failures": 0,
    "start": "2021-07-11T06:02:58.142Z",
    "end": "2021-07-11T06:02:58.162Z",
    "duration": 20,
    "testsRegistered": 4,
    "passPercent": 100,
    "pendingPercent": 0,
    "other": 0,
    "hasOther": false,
    "skipped": 0,
    "hasSkipped": false
  },
  "results": [
    {
      "uuid": "d87abaf7-9a5f-432f-bbb3-e15dace83ba0",
      "title": "",
      "fullFile": "",
      "file": "",
      "beforeHooks": [],
      "afterHooks": [],
      "tests": [],
      "suites": [
        {
          "uuid": "6b90194c-88d8-45b0-be37-eb5611104cc9",
          "title": "accurateType函数测试:",
          "fullFile": "C:\\Users\\z\\Desktop\\2021学习\\npm包\\simple-lodash\\test\\index.test.js",
          "file": "\\test\\index.test.js",
          "beforeHooks": [],
          "afterHooks": [],
          "tests": [
            {
              "title": "result:",
              "fullTitle": "accurateType函数测试: result:",
              "timedOut": false,
              "duration": 1,
              "state": "passed",
              "speed": "fast",
              "pass": true,
              "fail": false,
              "pending": false,
              "context": null,
              "code": "expect(Fun.accurateType([])).to.be.equal(\"Array\");",
              "err": {},
              "uuid": "c7c28b62-319c-4cde-8d75-44c7dd3fd39e",
              "parentUUID": "6b90194c-88d8-45b0-be37-eb5611104cc9",
              "isHook": false,
              "skipped": false
            },
            {
              "title": "result:",
              "fullTitle": "accurateType函数测试: result:",
              "timedOut": false,
              "duration": 0,
              "state": "passed",
              "speed": "fast",
              "pass": true,
              "fail": false,
              "pending": false,
              "context": null,
              "code": "expect(Fun.accurateType([])).to.not.be.equal(\"Object\");",
              "err": {},
              "uuid": "08826977-9d21-466f-a1ac-15c12a92e80d",
              "parentUUID": "6b90194c-88d8-45b0-be37-eb5611104cc9",
              "isHook": false,
              "skipped": false
            }
          ],
          "suites": [],
          "passes": [
            "c7c28b62-319c-4cde-8d75-44c7dd3fd39e",
            "08826977-9d21-466f-a1ac-15c12a92e80d"
          ],
          "failures": [],
          "pending": [],
          "skipped": [],
          "duration": 1,
          "root": false,
          "rootEmpty": false,
          "_timeout": 2000
        },
        {
          "uuid": "4f8c5d81-a90e-4693-a1ac-07a53a1b1154",
          "title": "pseudoArr2Array函数测试:",
          "fullFile": "C:\\Users\\z\\Desktop\\2021学习\\npm包\\simple-lodash\\test\\index.test.js",
          "file": "\\test\\index.test.js",
          "beforeHooks": [],
          "afterHooks": [],
          "tests": [
            {
              "title": "result:",
              "fullTitle": "pseudoArr2Array函数测试: result:",
              "timedOut": false,
              "duration": 0,
              "state": "passed",
              "speed": "fast",
              "pass": true,
              "fail": false,
              "pending": false,
              "context": null,
              "code": "expect(Fun.pseudoArr2Array([])).to.be.deep.equal([]);",
              "err": {},
              "uuid": "49b4d74a-05dd-4ddb-be61-4c811540ec48",
              "parentUUID": "4f8c5d81-a90e-4693-a1ac-07a53a1b1154",
              "isHook": false,
              "skipped": false
            },
            {
              "title": "result:",
              "fullTitle": "pseudoArr2Array函数测试: result:",
              "timedOut": false,
              "duration": 0,
              "state": "passed",
              "speed": "fast",
              "pass": true,
              "fail": false,
              "pending": false,
              "context": null,
              "code": "expect(Fun.accurateType([])).to.not.be.equal(null);",
              "err": {},
              "uuid": "79f1370d-8fa1-4763-b7c9-ded0101c4d7b",
              "parentUUID": "4f8c5d81-a90e-4693-a1ac-07a53a1b1154",
              "isHook": false,
              "skipped": false
            }
          ],
          "suites": [],
          "passes": [
            "49b4d74a-05dd-4ddb-be61-4c811540ec48",
            "79f1370d-8fa1-4763-b7c9-ded0101c4d7b"
          ],
          "failures": [],
          "pending": [],
          "skipped": [],
          "duration": 0,
          "root": false,
          "rootEmpty": false,
          "_timeout": 2000
        }
      ],
      "passes": [],
      "failures": [],
      "pending": [],
      "skipped": [],
      "duration": 0,
      "root": true,
      "rootEmpty": true,
      "_timeout": 2000
    }
  ],
  "meta": {
    "mocha": {
      "version": "9.0.2"
    },
    "mochawesome": {
      "options": {
        "quiet": false,
        "reportFilename": "mochawesome",
        "saveHtml": true,
        "saveJson": true,
        "consoleReporter": "spec",
        "useInlineDiffs": false,
        "code": true
      },
      "version": "6.2.2"
    },
    "marge": {
      "options": null,
      "version": "5.2.0"
    }
  }
}